{"contracts/Authorizer.sol":{"l":{"23":60,"24":56,"28":23,"36":54,"37":54,"38":54,"46":2,"47":2,"51":2,"52":2,"60":20,"61":20},"path":"/Users/csuito/dev/upc/car-chain/blockchain/contracts/Authorizer.sol","s":{"1":60,"2":23,"3":54,"4":54,"5":54,"6":2,"7":2,"8":2,"9":2,"10":20,"11":20},"b":{"1":[56,4],"2":[2,0]},"f":{"1":60,"2":23,"3":54,"4":2,"5":20},"fnMap":{"1":{"name":"onlyOwner","line":22,"loc":{"start":{"line":22,"column":4},"end":{"line":25,"column":4}}},"2":{"name":"constructor","line":27,"loc":{"start":{"line":27,"column":4},"end":{"line":29,"column":4}}},"3":{"name":"addPermission","line":35,"loc":{"start":{"line":31,"column":4},"end":{"line":39,"column":4}}},"4":{"name":"removePermission","line":45,"loc":{"start":{"line":41,"column":4},"end":{"line":53,"column":4}}},"5":{"name":"requestAccess","line":55,"loc":{"start":{"line":55,"column":4},"end":{"line":62,"column":4}}}},"statementMap":{"1":{"start":{"line":23,"column":8},"end":{"line":23,"column":72}},"2":{"start":{"line":28,"column":8},"end":{"line":28,"column":25}},"3":{"start":{"line":36,"column":8},"end":{"line":36,"column":65}},"4":{"start":{"line":37,"column":8},"end":{"line":37,"column":53}},"5":{"start":{"line":38,"column":8},"end":{"line":38,"column":53}},"6":{"start":{"line":46,"column":8},"end":{"line":46,"column":65}},"7":{"start":{"line":47,"column":8},"end":{"line":47,"column":1168}},"8":{"start":{"line":51,"column":8},"end":{"line":51,"column":54}},"9":{"start":{"line":52,"column":8},"end":{"line":52,"column":55}},"10":{"start":{"line":60,"column":8},"end":{"line":60,"column":65}},"11":{"start":{"line":61,"column":8},"end":{"line":61,"column":54}}},"branchMap":{"1":{"line":23,"type":"if","locations":[{"start":{"line":23,"column":8},"end":{"line":23,"column":8}},{"start":{"line":23,"column":8},"end":{"line":23,"column":8}}]},"2":{"line":47,"type":"if","locations":[{"start":{"line":47,"column":8},"end":{"line":47,"column":8}},{"start":{"line":47,"column":8},"end":{"line":47,"column":8}}]}}},"contracts/BaseManager.sol":{"l":{"18":18,"19":18,"20":10,"27":2,"29":2,"30":2,"37":22,"38":22,"39":22},"path":"/Users/csuito/dev/upc/car-chain/blockchain/contracts/BaseManager.sol","s":{"1":18,"2":18,"3":2,"4":2,"5":22,"6":22,"7":22},"b":{"1":[10,8],"2":[2,0]},"f":{"1":18,"2":2,"3":22},"fnMap":{"1":{"name":"onlyAuthorized","line":14,"loc":{"start":{"line":14,"column":4},"end":{"line":21,"column":4}}},"2":{"name":"onlyAssetOwner","line":23,"loc":{"start":{"line":23,"column":4},"end":{"line":31,"column":4}}},"3":{"name":"constructor","line":33,"loc":{"start":{"line":33,"column":4},"end":{"line":40,"column":4}}}},"statementMap":{"1":{"start":{"line":18,"column":8},"end":{"line":18,"column":77}},"2":{"start":{"line":19,"column":8},"end":{"line":19,"column":41}},"3":{"start":{"line":27,"column":8},"end":{"line":27,"column":57}},"4":{"start":{"line":29,"column":8},"end":{"line":29,"column":92}},"5":{"start":{"line":37,"column":8},"end":{"line":37,"column":25}},"6":{"start":{"line":38,"column":8},"end":{"line":38,"column":36}},"7":{"start":{"line":39,"column":8},"end":{"line":39,"column":44}}},"branchMap":{"1":{"line":19,"type":"if","locations":[{"start":{"line":19,"column":8},"end":{"line":19,"column":8}},{"start":{"line":19,"column":8},"end":{"line":19,"column":8}}]},"2":{"line":29,"type":"if","locations":[{"start":{"line":29,"column":8},"end":{"line":29,"column":8}},{"start":{"line":29,"column":8},"end":{"line":29,"column":8}}]}}},"contracts/CarAsset.sol":{"l":{"14":15,"18":9,"19":9,"23":5,"24":5,"33":9,"42":0,"53":5,"55":5,"56":5,"57":5,"61":0,"69":0,"71":0,"77":1,"83":3},"path":"/Users/csuito/dev/upc/car-chain/blockchain/contracts/CarAsset.sol","s":{"1":15,"2":9,"3":5,"4":9,"5":0,"6":5,"7":5,"8":5,"9":5,"10":0,"11":0,"12":0,"13":1,"14":3},"b":{"1":[9,0],"2":[5,0]},"f":{"1":15,"2":9,"3":5,"4":9,"5":0,"6":5,"7":0,"8":0,"9":1,"10":3},"fnMap":{"1":{"name":"constructor","line":13,"loc":{"start":{"line":13,"column":4},"end":{"line":15,"column":4}}},"2":{"name":"onlyOwner","line":17,"loc":{"start":{"line":17,"column":4},"end":{"line":20,"column":4}}},"3":{"name":"onlyManager","line":22,"loc":{"start":{"line":22,"column":4},"end":{"line":25,"column":4}}},"4":{"name":"addManager","line":31,"loc":{"start":{"line":27,"column":4},"end":{"line":34,"column":4}}},"5":{"name":"removeManager","line":40,"loc":{"start":{"line":36,"column":4},"end":{"line":43,"column":4}}},"6":{"name":"mint","line":51,"loc":{"start":{"line":45,"column":4},"end":{"line":58,"column":4}}},"7":{"name":"burn","line":60,"loc":{"start":{"line":60,"column":4},"end":{"line":62,"column":4}}},"8":{"name":"transferFromAddress","line":64,"loc":{"start":{"line":64,"column":4},"end":{"line":72,"column":4}}},"9":{"name":"getCarAddress","line":74,"loc":{"start":{"line":74,"column":4},"end":{"line":78,"column":4}}},"10":{"name":"getCarToken","line":80,"loc":{"start":{"line":80,"column":4},"end":{"line":84,"column":4}}}},"statementMap":{"1":{"start":{"line":14,"column":8},"end":{"line":14,"column":26}},"2":{"start":{"line":18,"column":8},"end":{"line":18,"column":74}},"3":{"start":{"line":23,"column":8},"end":{"line":23,"column":99}},"4":{"start":{"line":33,"column":8},"end":{"line":33,"column":48}},"5":{"start":{"line":42,"column":8},"end":{"line":42,"column":49}},"6":{"start":{"line":53,"column":8},"end":{"line":53,"column":42}},"7":{"start":{"line":55,"column":8},"end":{"line":55,"column":53}},"8":{"start":{"line":56,"column":8},"end":{"line":56,"column":53}},"9":{"start":{"line":57,"column":8},"end":{"line":57,"column":27}},"10":{"start":{"line":61,"column":8},"end":{"line":61,"column":19}},"11":{"start":{"line":69,"column":8},"end":{"line":69,"column":58}},"12":{"start":{"line":71,"column":8},"end":{"line":71,"column":36}},"13":{"start":{"line":77,"column":8},"end":{"line":77,"column":46}},"14":{"start":{"line":83,"column":8},"end":{"line":83,"column":49}}},"branchMap":{"1":{"line":18,"type":"if","locations":[{"start":{"line":18,"column":8},"end":{"line":18,"column":8}},{"start":{"line":18,"column":8},"end":{"line":18,"column":8}}]},"2":{"line":23,"type":"if","locations":[{"start":{"line":23,"column":8},"end":{"line":23,"column":8}},{"start":{"line":23,"column":8},"end":{"line":23,"column":8}}]}}},"contracts/CarManager.sol":{"l":{"53":5,"55":5,"57":5,"63":5,"70":2,"75":2,"83":1,"88":1,"108":1,"113":1,"115":1,"128":1,"130":1,"141":4,"143":4},"path":"/Users/csuito/dev/upc/car-chain/blockchain/contracts/CarManager.sol","s":{"1":5,"2":5,"3":5,"4":5,"5":2,"6":2,"7":1,"8":1,"9":1,"10":1,"11":1,"12":1,"13":1,"14":4,"15":4},"b":{"1":[2,0],"2":[1,0],"3":[1,0]},"f":{"1":12,"2":5,"3":2,"4":1,"5":1,"6":1,"7":4},"fnMap":{"1":{"name":"constructor","line":46,"loc":{"start":{"line":43,"column":4},"end":{"line":46,"column":78}}},"2":{"name":"createCar","line":52,"loc":{"start":{"line":48,"column":4},"end":{"line":64,"column":4}}},"3":{"name":"deliverCar","line":68,"loc":{"start":{"line":66,"column":4},"end":{"line":76,"column":4}}},"4":{"name":"sellCar","line":81,"loc":{"start":{"line":78,"column":4},"end":{"line":101,"column":4}}},"5":{"name":"registerCar","line":106,"loc":{"start":{"line":103,"column":4},"end":{"line":116,"column":4}}},"6":{"name":"getCar","line":118,"loc":{"start":{"line":118,"column":4},"end":{"line":136,"column":4}}},"7":{"name":"_updateCarState","line":138,"loc":{"start":{"line":138,"column":4},"end":{"line":144,"column":4}}}},"statementMap":{"1":{"start":{"line":53,"column":8},"end":{"line":53,"column":57}},"2":{"start":{"line":55,"column":8},"end":{"line":55,"column":55}},"3":{"start":{"line":57,"column":8},"end":{"line":57,"column":1715}},"4":{"start":{"line":63,"column":8},"end":{"line":63,"column":33}},"5":{"start":{"line":70,"column":8},"end":{"line":70,"column":2042}},"6":{"start":{"line":75,"column":8},"end":{"line":75,"column":62}},"7":{"start":{"line":83,"column":8},"end":{"line":83,"column":2408}},"8":{"start":{"line":88,"column":8},"end":{"line":88,"column":58}},"9":{"start":{"line":108,"column":8},"end":{"line":108,"column":3331}},"10":{"start":{"line":113,"column":8},"end":{"line":113,"column":58}},"11":{"start":{"line":115,"column":8},"end":{"line":115,"column":64}},"12":{"start":{"line":128,"column":8},"end":{"line":128,"column":48}},"13":{"start":{"line":130,"column":8},"end":{"line":130,"column":3872}},"14":{"start":{"line":141,"column":8},"end":{"line":141,"column":65}},"15":{"start":{"line":143,"column":8},"end":{"line":143,"column":55}}},"branchMap":{"1":{"line":70,"type":"if","locations":[{"start":{"line":70,"column":8},"end":{"line":70,"column":8}},{"start":{"line":70,"column":8},"end":{"line":70,"column":8}}]},"2":{"line":83,"type":"if","locations":[{"start":{"line":83,"column":8},"end":{"line":83,"column":8}},{"start":{"line":83,"column":8},"end":{"line":83,"column":8}}]},"3":{"line":108,"type":"if","locations":[{"start":{"line":108,"column":8},"end":{"line":108,"column":8}},{"start":{"line":108,"column":8},"end":{"line":108,"column":8}}]}}},"contracts/interfaces/CarInterface.sol":{"l":{},"path":"/Users/csuito/dev/upc/car-chain/blockchain/contracts/interfaces/CarInterface.sol","s":{},"b":{},"f":{},"fnMap":{},"statementMap":{},"branchMap":{}},"contracts/interfaces/ICarAsset.sol":{"l":{},"path":"/Users/csuito/dev/upc/car-chain/blockchain/contracts/interfaces/ICarAsset.sol","s":{},"b":{},"f":{},"fnMap":{},"statementMap":{},"branchMap":{}},"contracts/ITVManager.sol":{"l":{"30":1,"32":1},"path":"/Users/csuito/dev/upc/car-chain/blockchain/contracts/ITVManager.sol","s":{"1":1,"2":1},"b":{},"f":{"1":6,"2":1},"fnMap":{"1":{"name":"constructor","line":24,"loc":{"start":{"line":21,"column":4},"end":{"line":24,"column":78}}},"2":{"name":"updateITV","line":28,"loc":{"start":{"line":26,"column":4},"end":{"line":33,"column":4}}}},"statementMap":{"1":{"start":{"line":30,"column":8},"end":{"line":30,"column":58}},"2":{"start":{"line":32,"column":8},"end":{"line":32,"column":53}}},"branchMap":{}},"contracts/libraries/ECDSA.sol":{"l":{"28":5,"29":0,"33":5,"34":5,"35":5,"40":5,"55":5,"56":0,"59":5,"60":0,"64":5,"65":5,"67":5,"81":0},"path":"/Users/csuito/dev/upc/car-chain/blockchain/contracts/libraries/ECDSA.sol","s":{"1":5,"2":0,"3":5,"4":5,"5":5,"6":5,"7":0,"8":5,"9":0,"10":5,"11":5,"12":5,"13":0},"b":{"1":[0,5],"2":[0,5],"3":[0,5],"4":[5,0]},"f":{"1":5,"2":0},"fnMap":{"1":{"name":"recover","line":26,"loc":{"start":{"line":26,"column":2},"end":{"line":68,"column":2}}},"2":{"name":"toEthSignedMessageHash","line":78,"loc":{"start":{"line":78,"column":2},"end":{"line":82,"column":2}}}},"statementMap":{"1":{"start":{"line":28,"column":4},"end":{"line":28,"column":1166}},"2":{"start":{"line":29,"column":6},"end":{"line":29,"column":46}},"3":{"start":{"line":33,"column":4},"end":{"line":33,"column":13}},"4":{"start":{"line":34,"column":4},"end":{"line":34,"column":13}},"5":{"start":{"line":35,"column":4},"end":{"line":35,"column":11}},"6":{"start":{"line":55,"column":4},"end":{"line":55,"column":2502}},"7":{"start":{"line":56,"column":6},"end":{"line":56,"column":49}},"8":{"start":{"line":59,"column":4},"end":{"line":59,"column":2652}},"9":{"start":{"line":60,"column":6},"end":{"line":60,"column":49}},"10":{"start":{"line":64,"column":4},"end":{"line":64,"column":45}},"11":{"start":{"line":65,"column":4},"end":{"line":65,"column":60}},"12":{"start":{"line":67,"column":4},"end":{"line":67,"column":17}},"13":{"start":{"line":81,"column":4},"end":{"line":81,"column":80}}},"branchMap":{"1":{"line":28,"type":"if","locations":[{"start":{"line":28,"column":4},"end":{"line":28,"column":4}},{"start":{"line":28,"column":4},"end":{"line":28,"column":4}}]},"2":{"line":55,"type":"if","locations":[{"start":{"line":55,"column":4},"end":{"line":55,"column":4}},{"start":{"line":55,"column":4},"end":{"line":55,"column":4}}]},"3":{"line":59,"type":"if","locations":[{"start":{"line":59,"column":4},"end":{"line":59,"column":4}},{"start":{"line":59,"column":4},"end":{"line":59,"column":4}}]},"4":{"line":65,"type":"if","locations":[{"start":{"line":65,"column":4},"end":{"line":65,"column":4}},{"start":{"line":65,"column":4},"end":{"line":65,"column":4}}]}}}}